TN:
SF:src/index.ts
FN:9,defineVisibilityBabelPlugin
FN:19,JSXElement
FNF:2
FNH:2
FNDA:30,defineVisibilityBabelPlugin
FNDA:65,JSXElement
DA:1,1
DA:2,1
DA:3,1
DA:4,1
DA:5,1
DA:6,1
DA:7,1
DA:8,1
DA:9,30
DA:10,30
DA:11,30
DA:12,30
DA:13,30
DA:14,30
DA:15,30
DA:16,30
DA:17,30
DA:18,30
DA:19,30
DA:20,65
DA:21,0
DA:22,0
DA:23,0
DA:24,0
DA:25,0
DA:26,65
DA:27,65
DA:28,65
DA:29,65
DA:30,65
DA:31,65
DA:32,65
DA:33,65
DA:34,65
DA:35,65
DA:36,65
DA:37,65
DA:38,65
DA:39,35
DA:40,35
DA:41,30
DA:42,30
DA:43,30
DA:44,65
DA:45,0
DA:46,0
DA:47,30
DA:48,30
DA:49,30
DA:50,30
DA:51,30
DA:52,30
DA:53,30
DA:54,30
DA:55,30
DA:56,30
DA:57,30
DA:58,30
DA:59,30
DA:60,30
DA:61,30
DA:62,30
DA:63,30
DA:64,30
DA:65,30
DA:66,30
DA:67,30
DA:68,30
DA:69,30
DA:70,0
DA:71,0
DA:72,30
DA:73,30
DA:74,30
DA:75,30
DA:76,30
DA:77,30
DA:78,30
DA:79,30
DA:80,30
DA:81,30
DA:82,30
DA:83,30
DA:84,30
DA:85,30
DA:86,65
DA:87,0
DA:88,65
DA:89,30
DA:90,30
DA:91,30
DA:92,30
DA:93,30
DA:94,30
DA:95,30
DA:96,30
DA:97,30
LF:97
LH:87
BRDA:9,0,0,30
BRDA:19,1,0,65
BRDA:20,2,0,0
BRDA:38,3,0,35
BRDA:41,4,0,30
BRDA:44,5,0,0
BRDA:47,6,0,30
BRDA:69,7,0,0
BRDA:86,8,0,0
BRDA:86,9,0,30
BRDA:86,10,0,30
BRDA:86,11,0,0
BRDA:86,12,0,0
BRDA:88,13,0,30
BRDA:35,14,0,55
BRDA:35,15,0,45
BRF:16
BRH:10
end_of_record
